[INFO] Scanning for projects...
[INFO] 
[INFO] --------------< org.spacious-team:table-wrapper-csv-impl >--------------
[INFO] Building Table Wrapper API CSV Implementation 2022.4
[INFO]   from pom.xml
[INFO] --------------------------------[ jar ]---------------------------------
[INFO] 
[INFO] --- jacoco:0.8.8:prepare-agent (prepare-agent) @ table-wrapper-csv-impl ---
[INFO] argLine set to -javaagent:/Users/erfanarvan/.m2/repository/org/jacoco/org.jacoco.agent/0.8.8/org.jacoco.agent-0.8.8-runtime.jar=destfile=/Users/erfanarvan/Desktop/comparisonPaper/wpi-njr-debug/dataset/post_wpi_without_s/target/jacoco.exec
[INFO] 
[INFO] --- resources:3.3.1:resources (default-resources) @ table-wrapper-csv-impl ---
[INFO] skip non existing resourceDirectory /Users/erfanarvan/Desktop/comparisonPaper/wpi-njr-debug/dataset/post_wpi_without_s/src/main/resources
[INFO] 
[INFO] --- compiler:3.11.0:compile (default-compile) @ table-wrapper-csv-impl ---
[INFO] Changes detected - recompiling the module! :source
[INFO] Compiling 9 source files with javac [forked debug target 11] to target/classes
[WARNING] /Users/erfanarvan/Desktop/comparisonPaper/wpi-njr-debug/dataset/post_wpi_without_s/src/main/java/org/spacious_team/table_wrapper/csv/DateTimeFormatParser.java:[88,57] [assignment] incompatible types in assignment.
  found   : @Initialized @Nullable DateTimeFormatter
  required: @UnknownInitialization @NonNull DateTimeFormatter
[WARNING] /Users/erfanarvan/Desktop/comparisonPaper/wpi-njr-debug/dataset/post_wpi_without_s/src/main/java/org/spacious_team/table_wrapper/csv/DateTimeFormatParser.java:[106,57] [assignment] incompatible types in assignment.
  found   : @Initialized @Nullable DateTimeFormatter
  required: @UnknownInitialization @NonNull DateTimeFormatter
[WARNING] /Users/erfanarvan/Desktop/comparisonPaper/wpi-njr-debug/dataset/post_wpi_without_s/src/main/java/org/spacious_team/table_wrapper/csv/CsvReportPage.java:[81,24] [type.anno.before.decl.anno] write type annotations [@Nullable()] immediately before type, after declaration annotation @Override()
[WARNING] /Users/erfanarvan/Desktop/comparisonPaper/wpi-njr-debug/dataset/post_wpi_without_s/src/main/java/org/spacious_team/table_wrapper/csv/CsvReportPage.java:[81,24] [type.anno.before.modifier] write type annotation @Nullable() immediately before type, after modifiers [public]
[WARNING] /Users/erfanarvan/Desktop/comparisonPaper/wpi-njr-debug/dataset/post_wpi_without_s/src/main/java/org/spacious_team/table_wrapper/csv/CsvTableRow.java:[42,24] [type.anno.before.decl.anno] write type annotations [@Nullable()] immediately before type, after declaration annotation @Override()
[WARNING] /Users/erfanarvan/Desktop/comparisonPaper/wpi-njr-debug/dataset/post_wpi_without_s/src/main/java/org/spacious_team/table_wrapper/csv/CsvTableRow.java:[42,24] [type.anno.before.modifier] write type annotation @Nullable() immediately before type, after modifiers [public]
[WARNING] /Users/erfanarvan/Desktop/comparisonPaper/wpi-njr-debug/dataset/post_wpi_without_s/src/main/java/org/spacious_team/table_wrapper/csv/CsvTableRow.java:[42,24] [type.anno.before.decl.anno] write type annotations [@Nullable()] immediately before type, after declaration annotation @Override()
[WARNING] /Users/erfanarvan/Desktop/comparisonPaper/wpi-njr-debug/dataset/post_wpi_without_s/src/main/java/org/spacious_team/table_wrapper/csv/CsvTableRow.java:[79,19] [override.return] Incompatible return type.
  found   : @Initialized @Nullable TableCell
  required: @Initialized @NonNull TableCell
  Consequence: method in @Initialized @NonNull CsvTableRow.@Initialized @NonNull <anonymous org.spacious_team.table_wrapper.csv.CsvTableRow$1>
    @Initialized @Nullable TableCell next(@Initialized @NonNull CsvTableRow.@Initialized @NonNull <anonymous org.spacious_team.table_wrapper.csv.CsvTableRow$1> this)
  cannot override method in @Initialized @NonNull Iterator<@Initialized @NonNull TableCell>
    @Initialized @NonNull TableCell next(@Initialized @NonNull Iterator<@Initialized @NonNull TableCell> this)
[WARNING] /Users/erfanarvan/Desktop/comparisonPaper/wpi-njr-debug/dataset/post_wpi_without_s/src/main/java/org/spacious_team/table_wrapper/csv/CsvTableRow.java:[79,29] [type.anno.before.decl.anno] write type annotations [@Nullable()] immediately before type, after declaration annotation @Override()
[WARNING] /Users/erfanarvan/Desktop/comparisonPaper/wpi-njr-debug/dataset/post_wpi_without_s/src/main/java/org/spacious_team/table_wrapper/csv/CsvTableRow.java:[79,29] [type.anno.before.modifier] write type annotation @Nullable() immediately before type, after modifiers [public]
[WARNING] /Users/erfanarvan/Desktop/comparisonPaper/wpi-njr-debug/dataset/post_wpi_without_s/src/main/java/org/spacious_team/table_wrapper/csv/CsvCellDataAccessObject.java:[37,47] [type.anno.before.modifier] write type annotation @Nullable() immediately before type, after modifiers [private, final]
[WARNING] /Users/erfanarvan/Desktop/comparisonPaper/wpi-njr-debug/dataset/post_wpi_without_s/src/main/java/org/spacious_team/table_wrapper/csv/CsvCellDataAccessObject.java:[38,36] [type.anno.before.modifier] write type annotation @Nullable() immediately before type, after modifiers [private, final]
[WARNING] /Users/erfanarvan/Desktop/comparisonPaper/wpi-njr-debug/dataset/post_wpi_without_s/src/main/java/org/spacious_team/table_wrapper/csv/CsvCellDataAccessObject.java:[51,24] [type.anno.before.decl.anno] write type annotations [@Nullable()] immediately before type, after declaration annotation @Override()
[WARNING] /Users/erfanarvan/Desktop/comparisonPaper/wpi-njr-debug/dataset/post_wpi_without_s/src/main/java/org/spacious_team/table_wrapper/csv/CsvCellDataAccessObject.java:[51,24] [type.anno.before.modifier] write type annotation @Nullable() immediately before type, after modifiers [public]
[WARNING] /Users/erfanarvan/Desktop/comparisonPaper/wpi-njr-debug/dataset/post_wpi_without_s/src/main/java/org/spacious_team/table_wrapper/csv/CsvCellDataAccessObject.java:[51,24] [type.anno.before.decl.anno] write type annotations [@Nullable()] immediately before type, after declaration annotation @Override()
[WARNING] /Users/erfanarvan/Desktop/comparisonPaper/wpi-njr-debug/dataset/post_wpi_without_s/src/main/java/org/spacious_team/table_wrapper/csv/CsvCellDataAccessObject.java:[52,40] [assignment] incompatible types in assignment.
  found   : @Initialized @Nullable CsvTableCell
  required: @UnknownInitialization @NonNull CsvTableCell
[WARNING] /Users/erfanarvan/Desktop/comparisonPaper/wpi-njr-debug/dataset/post_wpi_without_s/src/main/java/org/spacious_team/table_wrapper/csv/CsvCellDataAccessObject.java:[57,19] [type.anno.before.decl.anno] write type annotations [@Nullable()] immediately before type, after declaration annotation @Override()
[WARNING] /Users/erfanarvan/Desktop/comparisonPaper/wpi-njr-debug/dataset/post_wpi_without_s/src/main/java/org/spacious_team/table_wrapper/csv/CsvCellDataAccessObject.java:[57,19] [type.anno.before.modifier] write type annotation @Nullable() immediately before type, after modifiers [public]
[WARNING] /Users/erfanarvan/Desktop/comparisonPaper/wpi-njr-debug/dataset/post_wpi_without_s/src/main/java/org/spacious_team/table_wrapper/csv/CsvCellDataAccessObject.java:[63,32] [assignment] incompatible types in assignment.
  found   : @Initialized @Nullable String
  required: @UnknownInitialization @NonNull String
[INFO] ------------------------------------------------------------------------
[INFO] BUILD SUCCESS
[INFO] ------------------------------------------------------------------------
[INFO] Total time:  2.808 s
[INFO] Finished at: 2024-09-07T00:19:39-04:00
[INFO] ------------------------------------------------------------------------
