[INFO] Scanning for projects...
[INFO] 
[INFO] --------------< org.spacious-team:table-wrapper-csv-impl >--------------
[INFO] Building Table Wrapper API CSV Implementation 2022.4
[INFO]   from pom.xml
[INFO] --------------------------------[ jar ]---------------------------------
[INFO] 
[INFO] --- jacoco:0.8.8:prepare-agent (prepare-agent) @ table-wrapper-csv-impl ---
[INFO] argLine set to -javaagent:/Users/erfanarvan/.m2/repository/org/jacoco/org.jacoco.agent/0.8.8/org.jacoco.agent-0.8.8-runtime.jar=destfile=/Users/erfanarvan/Desktop/comparisonPaper/wpi-njr-debug/dataset/table-wrapper-csv-impl/target/jacoco.exec
[INFO] 
[INFO] --- resources:3.3.1:resources (default-resources) @ table-wrapper-csv-impl ---
[INFO] skip non existing resourceDirectory /Users/erfanarvan/Desktop/comparisonPaper/wpi-njr-debug/dataset/table-wrapper-csv-impl/src/main/resources
[INFO] 
[INFO] --- compiler:3.11.0:compile (default-compile) @ table-wrapper-csv-impl ---
[INFO] Changes detected - recompiling the module! :source
[INFO] Compiling 9 source files with javac [forked debug target 11] to target/classes
[WARNING] /Users/erfanarvan/Desktop/comparisonPaper/wpi-njr-debug/dataset/table-wrapper-csv-impl/src/main/java/org/spacious_team/table_wrapper/csv/CsvTableCell.java:[58,32] [return] incompatible types in return.
  type of expression: @Initialized @Nullable String
  method return type: @Initialized @NonNull String
[WARNING] /Users/erfanarvan/Desktop/comparisonPaper/wpi-njr-debug/dataset/table-wrapper-csv-impl/src/main/java/org/spacious_team/table_wrapper/csv/CsvTableCell.java:[66,38] [override.param] Incompatible parameter type for obj.
  found   : @Initialized @NonNull Object
  required: @Initialized @Nullable Object
  Consequence: method in @Initialized @NonNull RowAndIndex
    @Initialized @NonNull boolean equals(@Initialized @NonNull RowAndIndex this, @Initialized @NonNull Object p0)
  cannot override method in @Initialized @NonNull Object
    @Initialized @NonNull boolean equals(@Initialized @NonNull Object this, @Initialized @Nullable Object p0)
[WARNING] /Users/erfanarvan/Desktop/comparisonPaper/wpi-njr-debug/dataset/table-wrapper-csv-impl/src/main/java/org/spacious_team/table_wrapper/csv/CsvTableCell.java:[73,29] [purity.not.deterministic.not.sideeffectfree.call] call to non-deterministic side-effecting checkIndex not allowed in deterministic side-effect-free method
[WARNING] /Users/erfanarvan/Desktop/comparisonPaper/wpi-njr-debug/dataset/table-wrapper-csv-impl/src/main/java/org/spacious_team/table_wrapper/csv/CsvTableCell.java:[73,51] [purity.not.deterministic.not.sideeffectfree.call] call to non-deterministic side-effecting other.checkIndex not allowed in deterministic side-effect-free method
[WARNING] /Users/erfanarvan/Desktop/comparisonPaper/wpi-njr-debug/dataset/table-wrapper-csv-impl/src/main/java/org/spacious_team/table_wrapper/csv/CsvTableCell.java:[73,80] [purity.not.deterministic.not.sideeffectfree.call] call to non-deterministic side-effecting getValue not allowed in deterministic side-effect-free method
[WARNING] /Users/erfanarvan/Desktop/comparisonPaper/wpi-njr-debug/dataset/table-wrapper-csv-impl/src/main/java/org/spacious_team/table_wrapper/csv/CsvTableCell.java:[73,98] [purity.not.deterministic.not.sideeffectfree.call] call to non-deterministic side-effecting other.getValue not allowed in deterministic side-effect-free method
[WARNING] /Users/erfanarvan/Desktop/comparisonPaper/wpi-njr-debug/dataset/table-wrapper-csv-impl/src/main/java/org/spacious_team/table_wrapper/csv/CsvTableCell.java:[78,44] [purity.not.deterministic.not.sideeffectfree.call] call to non-deterministic side-effecting getValue not allowed in deterministic side-effect-free method
[WARNING] /Users/erfanarvan/Desktop/comparisonPaper/wpi-njr-debug/dataset/table-wrapper-csv-impl/src/main/java/org/spacious_team/table_wrapper/csv/CsvCellDataAccessObject.java:[41,13] [argument] incompatible argument for parameter dateTimeFormatter of CsvCellDataAccessObject constructor.
  found   : null (NullType)
  required: @Initialized @NonNull DateTimeFormatter
[WARNING] /Users/erfanarvan/Desktop/comparisonPaper/wpi-njr-debug/dataset/table-wrapper-csv-impl/src/main/java/org/spacious_team/table_wrapper/csv/CsvCellDataAccessObject.java:[41,19] [argument] incompatible argument for parameter defaultZone of CsvCellDataAccessObject constructor.
  found   : null (NullType)
  required: @Initialized @NonNull ZoneId
[WARNING] /Users/erfanarvan/Desktop/comparisonPaper/wpi-njr-debug/dataset/table-wrapper-csv-impl/src/main/java/org/spacious_team/table_wrapper/csv/CsvCellDataAccessObject.java:[53,30] [return] incompatible types in return.
  type of expression: @Initialized @Nullable RowAndIndex
  method return type: @Initialized @NonNull RowAndIndex
[WARNING] /Users/erfanarvan/Desktop/comparisonPaper/wpi-njr-debug/dataset/table-wrapper-csv-impl/src/main/java/org/spacious_team/table_wrapper/csv/CsvTableRow.java:[44,19] [return] incompatible types in return.
  type of expression: null (NullType)
  method return type: @Initialized @NonNull CsvTableCell
[WARNING] /Users/erfanarvan/Desktop/comparisonPaper/wpi-njr-debug/dataset/table-wrapper-csv-impl/src/main/java/org/spacious_team/table_wrapper/csv/DateTimeFormatParser.java:[88,57] [assignment] incompatible types in assignment.
  found   : @Initialized @Nullable DateTimeFormatter
  required: @UnknownInitialization @NonNull DateTimeFormatter
[WARNING] /Users/erfanarvan/Desktop/comparisonPaper/wpi-njr-debug/dataset/table-wrapper-csv-impl/src/main/java/org/spacious_team/table_wrapper/csv/DateTimeFormatParser.java:[106,57] [assignment] incompatible types in assignment.
  found   : @Initialized @Nullable DateTimeFormatter
  required: @UnknownInitialization @NonNull DateTimeFormatter
[WARNING] /Users/erfanarvan/Desktop/comparisonPaper/wpi-njr-debug/dataset/table-wrapper-csv-impl/src/main/java/org/spacious_team/table_wrapper/csv/CsvReportPage.java:[82,34] [return] incompatible types in return.
  type of expression: @Initialized @Nullable CsvTableRow
  method return type: @Initialized @NonNull CsvTableRow
[INFO] ------------------------------------------------------------------------
[INFO] BUILD SUCCESS
[INFO] ------------------------------------------------------------------------
[INFO] Total time:  2.884 s
[INFO] Finished at: 2024-09-07T01:07:30-04:00
[INFO] ------------------------------------------------------------------------
