[INFO] Scanning for projects...
[INFO] 
[INFO] --------------< org.spacious-team:table-wrapper-csv-impl >--------------
[INFO] Building Table Wrapper API CSV Implementation 2024.1
[INFO]   from pom.xml
[INFO] --------------------------------[ jar ]---------------------------------
[INFO] 
[INFO] --- jacoco:0.8.12:prepare-agent (prepare-agent) @ table-wrapper-csv-impl ---
[INFO] argLine set to -javaagent:/Users/erfanarvan/.m2/repository/org/jacoco/org.jacoco.agent/0.8.12/org.jacoco.agent-0.8.12-runtime.jar=destfile=/Users/erfanarvan/Desktop/comparisonPaper/wpi-njr-debug/dataset/post_wpi_without_s/target/jacoco.exec
[INFO] 
[INFO] --- resources:3.3.1:resources (default-resources) @ table-wrapper-csv-impl ---
[INFO] skip non existing resourceDirectory /Users/erfanarvan/Desktop/comparisonPaper/wpi-njr-debug/dataset/post_wpi_without_s/src/main/resources
[INFO] 
[INFO] --- compiler:3.11.0:compile (default-compile) @ table-wrapper-csv-impl ---
[INFO] Changes detected - recompiling the module! :source
[INFO] Compiling 9 source files with javac [forked debug deprecation release 11] to target/classes
[WARNING] /Users/erfanarvan/Desktop/comparisonPaper/wpi-njr-debug/dataset/post_wpi_without_s/src/main/java/org/spacious_team/table_wrapper/csv/CsvReportPage.java:[100,52] [override.param] Incompatible parameter type for cellValuePredicate.
  found   : @Initialized @NonNull Predicate<@Initialized @NonNull Object>
  required: @Initialized @NonNull Predicate<@Initialized @Nullable Object>
  Consequence: method in @Initialized @NonNull CsvReportPage
    @Initialized @NonNull TableCellAddress find(@Initialized @NonNull CsvReportPage this, @Initialized @NonNull int p0, @Initialized @NonNull int p1, @Initialized @NonNull int p2, @Initialized @NonNull int p3, @Initialized @NonNull Predicate<@Initialized @NonNull Object> p4)
  cannot override method in @Initialized @NonNull ReportPage
    @Initialized @NonNull TableCellAddress find(@Initialized @NonNull ReportPage this, @Initialized @NonNull int p0, @Initialized @NonNull int p1, @Initialized @NonNull int p2, @Initialized @NonNull int p3, @Initialized @NonNull Predicate<@Initialized @Nullable Object> p4)
[WARNING] /Users/erfanarvan/Desktop/comparisonPaper/wpi-njr-debug/dataset/post_wpi_without_s/src/main/java/org/spacious_team/table_wrapper/csv/CsvTableRow.java:[90,34] [return] incompatible types in return.
  type of expression: @Initialized @Nullable TableCell
  method return type: @Initialized @NonNull TableCell
[WARNING] /Users/erfanarvan/Desktop/comparisonPaper/wpi-njr-debug/dataset/post_wpi_without_s/src/main/java/org/spacious_team/table_wrapper/csv/CsvTableCell.java:[36,39] [assignment] incompatible types in assignment.
  found   : @Initialized @Nullable String
  required: @UnknownInitialization @NonNull String
[INFO] ------------------------------------------------------------------------
[INFO] BUILD SUCCESS
[INFO] ------------------------------------------------------------------------
[INFO] Total time:  2.565 s
[INFO] Finished at: 2024-09-06T23:58:28-04:00
[INFO] ------------------------------------------------------------------------
